<?xml version="1.0" encoding="UTF-8"?>
<!-- Generated by org.testng.reporters.JUnitXMLReporter -->
<testsuite ignored="0" hostname="DESKTOP-6HACDE0" failures="0" tests="18" name="Surefire test" time="47.151" errors="0" timestamp="2025-09-09T15:02:55 CEST">
  <testcase classname="com.bank.api.ApiTests" name="deleteExpensesShouldDeleteAllIds" time="13.323"/>
  <testcase classname="com.bank.api.ApiTests" name="fullExpenseLifecycleTest" time="5.071"/>
  <testcase classname="com.bank.api.ApiTests" name="getExpensesShouldFailWithoutToken" time="0.298"/>
  <testcase classname="com.bank.api.ApiTests" name="getExpensesShouldSucceed" time="1.344"/>
  <testcase classname="com.bank.api.ApiTests" name="getExpensesWithPaginationShouldSucceed" time="2.08"/>
  <testcase classname="com.bank.api.ApiTests" name="loginShouldFailWithEmptyCredentials" time="0.836"/>
  <testcase classname="com.bank.api.ApiTests" name="loginShouldFailWithWrongPassword" time="0.506"/>
  <testcase classname="com.bank.api.ApiTests" name="loginShouldRejectSqlInjection" time="0.281"/>
  <testcase classname="com.bank.api.ApiTests" name="loginShouldReturnToken" time="0.613"/>
  <testcase classname="com.bank.api.ApiTests" name="postExpenseShouldAppearInList" time="2.461"/>
  <testcase classname="com.bank.api.ApiTests" name="postExpenseShouldRejectXss" time="2.167"/>
  <testcase classname="com.bank.api.ApiTests" name="postExpenseShouldSucceed" time="1.269"/>
  <testcase classname="com.bank.api.ApiTests" name="postExpenseWithDuplicateIdShouldFail" time="2.293"/>
  <testcase classname="com.bank.api.ApiTests" name="postExpenseWithInvalidEmailShouldFail" time="1.287"/>
  <testcase classname="com.bank.api.ApiTests" name="postExpenseWithMaxAmountShouldSucceed" time="1.293"/>
  <testcase classname="com.bank.api.ApiTests" name="postExpenseWithMinAmountShouldSucceed" time="1.585"/>
  <testcase classname="com.bank.api.ApiTests" name="putExpenseShouldChangeTypeAmountLocationForAllIds" time="4.417"/>
  <testcase classname="com.bank.api.ClearExpensesHistoryTest" name="clearAllExpensesHistory" time="5.726"/>
</testsuite> <!-- Surefire test -->
