<?xml version="1.0" encoding="UTF-8"?>
<testng-results ignored="0" total="5" passed="5" failed="0" skipped="0">
  <reporter-output>
  </reporter-output>
  <suite started-at="2025-09-09T14:16:09 CEST" name="Surefire suite" finished-at="2025-09-09T14:17:41 CEST" duration-ms="91978">
    <groups>
    </groups>
    <test started-at="2025-09-09T14:16:09 CEST" name="Surefire test" finished-at="2025-09-09T14:17:41 CEST" duration-ms="91978">
      <class name="com.bank.e2e.E2ETests">
        <test-method signature="loginShouldFailWithWrongPassword()[pri:0, instance:com.bank.e2e.E2ETests@6b26e945]" started-at="2025-09-09T14:16:09 CEST" name="loginShouldFailWithWrongPassword" finished-at="2025-09-09T14:16:28 CEST" duration-ms="19115" status="PASS">
          <reporter-output>
          </reporter-output>
        </test-method> <!-- loginShouldFailWithWrongPassword -->
        <test-method is-config="true" signature="tearDown()[pri:0, instance:com.bank.e2e.E2ETests@6b26e945]" started-at="2025-09-09T14:16:28 CEST" name="tearDown" finished-at="2025-09-09T14:16:32 CEST" duration-ms="3619" status="PASS">
          <reporter-output>
          </reporter-output>
        </test-method> <!-- tearDown -->
        <test-method signature="loginShouldSucceed()[pri:0, instance:com.bank.e2e.E2ETests@6b26e945]" started-at="2025-09-09T14:16:32 CEST" name="loginShouldSucceed" finished-at="2025-09-09T14:16:43 CEST" duration-ms="10476" status="PASS">
          <reporter-output>
          </reporter-output>
        </test-method> <!-- loginShouldSucceed -->
        <test-method is-config="true" signature="tearDown()[pri:0, instance:com.bank.e2e.E2ETests@6b26e945]" started-at="2025-09-09T14:16:43 CEST" name="tearDown" finished-at="2025-09-09T14:16:45 CEST" duration-ms="2469" status="PASS">
          <reporter-output>
          </reporter-output>
        </test-method> <!-- tearDown -->
        <test-method signature="logoutShouldShowLoginForm()[pri:0, instance:com.bank.e2e.E2ETests@6b26e945]" started-at="2025-09-09T14:16:45 CEST" name="logoutShouldShowLoginForm" finished-at="2025-09-09T14:17:03 CEST" duration-ms="18014" status="PASS">
          <reporter-output>
          </reporter-output>
        </test-method> <!-- logoutShouldShowLoginForm -->
        <test-method is-config="true" signature="tearDown()[pri:0, instance:com.bank.e2e.E2ETests@6b26e945]" started-at="2025-09-09T14:17:03 CEST" name="tearDown" finished-at="2025-09-09T14:17:05 CEST" duration-ms="1821" status="PASS">
          <reporter-output>
          </reporter-output>
        </test-method> <!-- tearDown -->
        <test-method signature="pageShouldBeAccessible()[pri:0, instance:com.bank.e2e.E2ETests@6b26e945]" started-at="2025-09-09T14:17:05 CEST" name="pageShouldBeAccessible" finished-at="2025-09-09T14:17:13 CEST" duration-ms="8647" status="PASS">
          <reporter-output>
          </reporter-output>
        </test-method> <!-- pageShouldBeAccessible -->
        <test-method is-config="true" signature="tearDown()[pri:0, instance:com.bank.e2e.E2ETests@6b26e945]" started-at="2025-09-09T14:17:13 CEST" name="tearDown" finished-at="2025-09-09T14:17:16 CEST" duration-ms="2601" status="PASS">
          <reporter-output>
          </reporter-output>
        </test-method> <!-- tearDown -->
        <test-method signature="tableShouldBeVisibleAfterLogin()[pri:0, instance:com.bank.e2e.E2ETests@6b26e945]" started-at="2025-09-09T14:17:16 CEST" name="tableShouldBeVisibleAfterLogin" finished-at="2025-09-09T14:17:38 CEST" duration-ms="21508" status="PASS">
          <reporter-output>
          </reporter-output>
        </test-method> <!-- tableShouldBeVisibleAfterLogin -->
        <test-method is-config="true" signature="tearDown()[pri:0, instance:com.bank.e2e.E2ETests@6b26e945]" started-at="2025-09-09T14:17:38 CEST" name="tearDown" finished-at="2025-09-09T14:17:41 CEST" duration-ms="3554" status="PASS">
          <reporter-output>
          </reporter-output>
        </test-method> <!-- tearDown -->
      </class> <!-- com.bank.e2e.E2ETests -->
    </test> <!-- Surefire test -->
  </suite> <!-- Surefire suite -->
</testng-results>
