<?xml version="1.0" encoding="UTF-8"?>
<testsuite xmlns:xsi="http://www.w3.org/2001/XMLSchema-instance" xsi:noNamespaceSchemaLocation="https://maven.apache.org/surefire/maven-surefire-plugin/xsd/surefire-test-report-3.0.xsd" version="3.0" name="TestSuite" time="1.793" tests="22" errors="0" skipped="0" failures="0">
  <properties>
[...]
</properties>
  <testcase name="amountParsingShouldWork" classname="com.bank.unit.UnitTests" time="0.11">
    <system-err><![CDATA[SLF4J: Failed to load class "org.slf4j.impl.StaticLoggerBinder".
SLF4J: Defaulting to no-operation (NOP) logger implementation
SLF4J: See http://www.slf4j.org/codes.html#StaticLoggerBinder for further details.
]]></system-err>
  </testcase>
  <testcase name="capitalizeShouldUppercaseFirstLetter" classname="com.bank.unit.UnitTests" time="0.0"/>
  <testcase name="currencyFormattingShouldProduceTwoDecimals" classname="com.bank.unit.UnitTests" time="0.0"/>
  <testcase name="dateParsingShouldWork" classname="com.bank.unit.UnitTests" time="0.031"/>
  <testcase name="emailValidatorShouldAcceptValidEmail" classname="com.bank.unit.UnitTests" time="0.0"/>
  <testcase name="emailValidatorShouldRejectInvalidEmail" classname="com.bank.unit.UnitTests" time="0.0"/>
  <testcase name="passwordValidatorShouldAcceptLongPasswords" classname="com.bank.unit.UnitTests" time="0.0"/>
  <testcase name="passwordValidatorShouldRejectShortPasswords" classname="com.bank.unit.UnitTests" time="0.0"/>
  <testcase name="productNameValidationShouldWork" classname="com.bank.unit.UnitTests" time="0.0"/>
  <testcase name="roundingShouldRoundHalfUp" classname="com.bank.unit.UnitTests" time="0.0"/>
  <testcase name="shouldReturnCorrectSum" classname="com.bank.unit.UnitTests" time="0.0"/>
  <testcase name="amountParsingShouldWork" classname="UnitTests" time="0.0"/>
  <testcase name="capitalizeShouldUppercaseFirstLetter" classname="UnitTests" time="0.0"/>
  <testcase name="currencyFormattingShouldProduceTwoDecimals" classname="UnitTests" time="0.0"/>
  <testcase name="dateParsingShouldWork" classname="UnitTests" time="0.0"/>
  <testcase name="emailValidatorShouldAcceptValidEmail" classname="UnitTests" time="0.0"/>
  <testcase name="emailValidatorShouldRejectInvalidEmail" classname="UnitTests" time="0.0"/>
  <testcase name="passwordValidatorShouldAcceptLongPasswords" classname="UnitTests" time="0.0"/>
  <testcase name="passwordValidatorShouldRejectShortPasswords" classname="UnitTests" time="0.016"/>
  <testcase name="productNameValidationShouldWork" classname="UnitTests" time="0.0"/>
  <testcase name="roundingShouldRoundHalfUp" classname="UnitTests" time="0.0"/>
  <testcase name="shouldReturnCorrectSum" classname="UnitTests" time="0.0"/>
</testsuite>