<?xml version="1.0" encoding="UTF-8"?>
<testng-results ignored="0" total="6" passed="6" failed="0" skipped="0">
  <reporter-output>
  </reporter-output>
  <suite started-at="2025-09-10T11:04:12 CEST" name="Surefire suite" finished-at="2025-09-10T11:04:27 CEST" duration-ms="14274">
    <groups>
    </groups>
    <test started-at="2025-09-10T11:04:12 CEST" name="Surefire test" finished-at="2025-09-10T11:04:27 CEST" duration-ms="14274">
      <class name="com.rada.smoke.SmokeTests">
        <test-method signature="accountEndpointHealthCheck()[pri:0, instance:com.rada.smoke.SmokeTests@5c1a8622]" started-at="2025-09-10T11:04:13 CEST" name="accountEndpointHealthCheck" finished-at="2025-09-10T11:04:20 CEST" duration-ms="6998" status="PASS">
          <reporter-output>
          </reporter-output>
        </test-method> <!-- accountEndpointHealthCheck -->
        <test-method signature="createExpenseSmoke()[pri:0, instance:com.rada.smoke.SmokeTests@5c1a8622]" started-at="2025-09-10T11:04:20 CEST" name="createExpenseSmoke" finished-at="2025-09-10T11:04:24 CEST" duration-ms="4372" status="PASS">
          <reporter-output>
          </reporter-output>
        </test-method> <!-- createExpenseSmoke -->
        <test-method signature="expensesShouldRequireAuth()[pri:0, instance:com.rada.smoke.SmokeTests@5c1a8622]" started-at="2025-09-10T11:04:24 CEST" name="expensesShouldRequireAuth" finished-at="2025-09-10T11:04:25 CEST" duration-ms="832" status="PASS">
          <reporter-output>
          </reporter-output>
        </test-method> <!-- expensesShouldRequireAuth -->
        <test-method signature="homePageShouldBeAvailable()[pri:0, instance:com.rada.smoke.SmokeTests@5c1a8622]" started-at="2025-09-10T11:04:25 CEST" name="homePageShouldBeAvailable" finished-at="2025-09-10T11:04:25 CEST" duration-ms="354" status="PASS">
          <reporter-output>
          </reporter-output>
        </test-method> <!-- homePageShouldBeAvailable -->
        <test-method signature="loginEndpointShouldBeAvailable()[pri:0, instance:com.rada.smoke.SmokeTests@5c1a8622]" started-at="2025-09-10T11:04:25 CEST" name="loginEndpointShouldBeAvailable" finished-at="2025-09-10T11:04:26 CEST" duration-ms="738" status="PASS">
          <reporter-output>
          </reporter-output>
        </test-method> <!-- loginEndpointShouldBeAvailable -->
        <test-method signature="loginWithValidCredentialsShouldReturnToken()[pri:0, instance:com.rada.smoke.SmokeTests@5c1a8622]" started-at="2025-09-10T11:04:26 CEST" name="loginWithValidCredentialsShouldReturnToken" finished-at="2025-09-10T11:04:27 CEST" duration-ms="750" status="PASS">
          <reporter-output>
          </reporter-output>
        </test-method> <!-- loginWithValidCredentialsShouldReturnToken -->
      </class> <!-- com.rada.smoke.SmokeTests -->
    </test> <!-- Surefire test -->
  </suite> <!-- Surefire suite -->
</testng-results>
