<?xml version="1.0" encoding="UTF-8"?>
<testsuite xmlns:xsi="http://www.w3.org/2001/XMLSchema-instance" xsi:noNamespaceSchemaLocation="https://maven.apache.org/surefire/maven-surefire-plugin/xsd/surefire-test-report-3.0.xsd" version="3.0" name="com.rada.smoke.SmokeTests" time="15.744" tests="6" errors="0" skipped="0" failures="0">
  <properties>
[...]
</properties>
  <testcase name="accountEndpointHealthCheck" classname="com.rada.smoke.SmokeTests" time="6.983">
    <system-err><![CDATA[SLF4J: Failed to load class "org.slf4j.impl.StaticLoggerBinder".
SLF4J: Defaulting to no-operation (NOP) logger implementation
SLF4J: See http://www.slf4j.org/codes.html#StaticLoggerBinder for further details.
]]></system-err>
  </testcase>
  <testcase name="createExpenseSmoke" classname="com.rada.smoke.SmokeTests" time="4.371"/>
  <testcase name="expensesShouldRequireAuth" classname="com.rada.smoke.SmokeTests" time="0.832"/>
  <testcase name="homePageShouldBeAvailable" classname="com.rada.smoke.SmokeTests" time="0.522"/>
  <testcase name="loginEndpointShouldBeAvailable" classname="com.rada.smoke.SmokeTests" time="0.746"/>
  <testcase name="loginWithValidCredentialsShouldReturnToken" classname="com.rada.smoke.SmokeTests" time="0.708"/>
</testsuite>