<?xml version="1.0" encoding="UTF-8"?>
<testsuite xmlns:xsi="http://www.w3.org/2001/XMLSchema-instance" xsi:noNamespaceSchemaLocation="https://maven.apache.org/surefire/maven-surefire-plugin/xsd/surefire-test-report-3.0.xsd" version="3.0" name="com.rada.integration.IntegrationTests" time="34.698" tests="7" errors="0" skipped="0" failures="0">
  <properties>
[...]
</properties>
  <testcase name="authTokenAllowsProtectedRoutes" classname="com.rada.integration.IntegrationTests" time="10.392">
    <system-err><![CDATA[SLF4J: Failed to load class "org.slf4j.impl.StaticLoggerBinder".
SLF4J: Defaulting to no-operation (NOP) logger implementation
SLF4J: See http://www.slf4j.org/codes.html#StaticLoggerBinder for further details.
]]></system-err>
  </testcase>
  <testcase name="cleanupCreatedExpensesShouldWork" classname="com.rada.integration.IntegrationTests" time="10.869"/>
  <testcase name="createExpenseWithInvalidDataShouldFail" classname="com.rada.integration.IntegrationTests" time="1.793"/>
  <testcase name="createMultipleExpensesAndVerifyCountIncrement" classname="com.rada.integration.IntegrationTests" time="3.21"/>
  <testcase name="deleteExpenseAndVerifyAbsence" classname="com.rada.integration.IntegrationTests" time="3.295"/>
  <testcase name="registerDuplicateUserShouldFail" classname="com.rada.integration.IntegrationTests" time="1.143"/>
  <testcase name="updateExpenseAndVerifyChange" classname="com.rada.integration.IntegrationTests" time="2.858"/>
</testsuite>