<?xml version="1.0" encoding="UTF-8"?>
<testng-results ignored="0" total="7" passed="7" failed="0" skipped="0">
  <reporter-output>
  </reporter-output>
  <suite started-at="2025-09-09T15:17:01 CEST" name="Surefire suite" finished-at="2025-09-09T15:17:34 CEST" duration-ms="32369">
    <groups>
    </groups>
    <test started-at="2025-09-09T15:17:01 CEST" name="Surefire test" finished-at="2025-09-09T15:17:34 CEST" duration-ms="32369">
      <class name="com.bank.integration.IntegrationTests">
        <test-method signature="authTokenAllowsProtectedRoutes()[pri:0, instance:com.bank.integration.IntegrationTests@327b636c]" started-at="2025-09-09T15:17:02 CEST" name="authTokenAllowsProtectedRoutes" finished-at="2025-09-09T15:17:12 CEST" duration-ms="9947" status="PASS">
          <reporter-output>
          </reporter-output>
        </test-method> <!-- authTokenAllowsProtectedRoutes -->
        <test-method signature="cleanupCreatedExpensesShouldWork()[pri:0, instance:com.bank.integration.IntegrationTests@327b636c]" started-at="2025-09-09T15:17:12 CEST" name="cleanupCreatedExpensesShouldWork" finished-at="2025-09-09T15:17:22 CEST" duration-ms="10775" status="PASS">
          <reporter-output>
          </reporter-output>
        </test-method> <!-- cleanupCreatedExpensesShouldWork -->
        <test-method signature="createExpenseWithInvalidDataShouldFail()[pri:0, instance:com.bank.integration.IntegrationTests@327b636c]" started-at="2025-09-09T15:17:22 CEST" name="createExpenseWithInvalidDataShouldFail" finished-at="2025-09-09T15:17:24 CEST" duration-ms="1655" status="PASS">
          <reporter-output>
          </reporter-output>
        </test-method> <!-- createExpenseWithInvalidDataShouldFail -->
        <test-method signature="createMultipleExpensesAndVerifyCountIncrement()[pri:0, instance:com.bank.integration.IntegrationTests@327b636c]" started-at="2025-09-09T15:17:24 CEST" name="createMultipleExpensesAndVerifyCountIncrement" finished-at="2025-09-09T15:17:27 CEST" duration-ms="3002" status="PASS">
          <reporter-output>
          </reporter-output>
        </test-method> <!-- createMultipleExpensesAndVerifyCountIncrement -->
        <test-method signature="deleteExpenseAndVerifyAbsence()[pri:0, instance:com.bank.integration.IntegrationTests@327b636c]" started-at="2025-09-09T15:17:27 CEST" name="deleteExpenseAndVerifyAbsence" finished-at="2025-09-09T15:17:30 CEST" duration-ms="3275" status="PASS">
          <reporter-output>
          </reporter-output>
        </test-method> <!-- deleteExpenseAndVerifyAbsence -->
        <test-method signature="registerDuplicateUserShouldFail()[pri:0, instance:com.bank.integration.IntegrationTests@327b636c]" started-at="2025-09-09T15:17:30 CEST" name="registerDuplicateUserShouldFail" finished-at="2025-09-09T15:17:31 CEST" duration-ms="971" status="PASS">
          <reporter-output>
          </reporter-output>
        </test-method> <!-- registerDuplicateUserShouldFail -->
        <test-method signature="updateExpenseAndVerifyChange()[pri:0, instance:com.bank.integration.IntegrationTests@327b636c]" started-at="2025-09-09T15:17:31 CEST" name="updateExpenseAndVerifyChange" finished-at="2025-09-09T15:17:34 CEST" duration-ms="2572" status="PASS">
          <reporter-output>
          </reporter-output>
        </test-method> <!-- updateExpenseAndVerifyChange -->
      </class> <!-- com.bank.integration.IntegrationTests -->
    </test> <!-- Surefire test -->
  </suite> <!-- Surefire suite -->
</testng-results>
