<?xml version="1.0" encoding="UTF-8"?>
<!-- Generated by org.testng.reporters.JUnitXMLReporter -->
<testsuite ignored="0" hostname="DESKTOP-6HACDE0" failures="0" tests="7" name="Surefire test" time="32.369" errors="0" timestamp="2025-09-09T15:17:34 CEST">
  <testcase classname="com.bank.integration.IntegrationTests" name="authTokenAllowsProtectedRoutes" time="9.947"/>
  <testcase classname="com.bank.integration.IntegrationTests" name="cleanupCreatedExpensesShouldWork" time="10.775"/>
  <testcase classname="com.bank.integration.IntegrationTests" name="createExpenseWithInvalidDataShouldFail" time="1.655"/>
  <testcase classname="com.bank.integration.IntegrationTests" name="createMultipleExpensesAndVerifyCountIncrement" time="3.002"/>
  <testcase classname="com.bank.integration.IntegrationTests" name="deleteExpenseAndVerifyAbsence" time="3.275"/>
  <testcase classname="com.bank.integration.IntegrationTests" name="registerDuplicateUserShouldFail" time="0.971"/>
  <testcase classname="com.bank.integration.IntegrationTests" name="updateExpenseAndVerifyChange" time="2.572"/>
</testsuite> <!-- Surefire test -->
