<?xml version="1.0" encoding="UTF-8"?>
<!-- Generated by org.testng.reporters.JUnitXMLReporter -->
<testsuite ignored="0" hostname="DESKTOP-6HACDE0" failures="0" tests="4" name="Surefire test" time="47.209" errors="0" timestamp="2025-09-09T20:19:18 CEST">
  <testcase classname="com.bank.ui.UiTests" name="dashboardShouldNotBeAccessibleWithoutLogin" time="3.637"/>
  <testcase classname="com.bank.ui.UiTests" name="layoutShouldBeResponsive" time="4.087"/>
  <testcase classname="com.bank.ui.UiTests" name="loginShouldFailWithWrongPassword" time="8.008"/>
  <testcase classname="com.bank.ui.UiTests" name="loginShouldShowErrorForInvalidEmailFormat" time="6.024"/>
</testsuite> <!-- Surefire test -->
