<?xml version="1.0" encoding="UTF-8"?>
<!-- Generated by org.testng.reporters.JUnitXMLReporter -->
<testsuite ignored="0" hostname="DESKTOP-6HACDE0" failures="0" tests="6" name="Surefire test" time="14.274" errors="0" timestamp="2025-09-10T11:04:27 CEST">
  <testcase classname="com.rada.smoke.SmokeTests" name="accountEndpointHealthCheck" time="6.998"/>
  <testcase classname="com.rada.smoke.SmokeTests" name="createExpenseSmoke" time="4.372"/>
  <testcase classname="com.rada.smoke.SmokeTests" name="expensesShouldRequireAuth" time="0.832"/>
  <testcase classname="com.rada.smoke.SmokeTests" name="homePageShouldBeAvailable" time="0.354"/>
  <testcase classname="com.rada.smoke.SmokeTests" name="loginEndpointShouldBeAvailable" time="0.738"/>
  <testcase classname="com.rada.smoke.SmokeTests" name="loginWithValidCredentialsShouldReturnToken" time="0.75"/>
</testsuite> <!-- Surefire test -->
