<?xml version="1.0" encoding="UTF-8"?>
<!-- Generated by org.testng.reporters.JUnitXMLReporter -->
<testsuite ignored="0" hostname="DESKTOP-6HACDE0" failures="0" tests="5" name="Surefire test" time="91.978" errors="0" timestamp="2025-09-09T14:17:41 CEST">
  <testcase classname="com.bank.e2e.E2ETests" name="loginShouldFailWithWrongPassword" time="19.115"/>
  <testcase classname="com.bank.e2e.E2ETests" name="loginShouldSucceed" time="10.476"/>
  <testcase classname="com.bank.e2e.E2ETests" name="logoutShouldShowLoginForm" time="18.014"/>
  <testcase classname="com.bank.e2e.E2ETests" name="pageShouldBeAccessible" time="8.647"/>
  <testcase classname="com.bank.e2e.E2ETests" name="tableShouldBeVisibleAfterLogin" time="21.508"/>
</testsuite> <!-- Surefire test -->
