<?xml version="1.0" encoding="UTF-8"?>
<!-- Generated by org.testng.reporters.JUnitXMLReporter -->
<testsuite ignored="0" hostname="DESKTOP-6HACDE0" failures="0" tests="22" name="Surefire test" time="0.423" errors="0" timestamp="2025-09-09T15:33:50 CEST">
  <testcase classname="com.bank.unit.UnitTests" name="amountParsingShouldWork" time="0.031"/>
  <testcase classname="com.bank.unit.UnitTests" name="capitalizeShouldUppercaseFirstLetter" time="0.016"/>
  <testcase classname="com.bank.unit.UnitTests" name="currencyFormattingShouldProduceTwoDecimals" time="0.0"/>
  <testcase classname="com.bank.unit.UnitTests" name="dateParsingShouldWork" time="0.047"/>
  <testcase classname="com.bank.unit.UnitTests" name="emailValidatorShouldAcceptValidEmail" time="0.0"/>
  <testcase classname="com.bank.unit.UnitTests" name="emailValidatorShouldRejectInvalidEmail" time="0.016"/>
  <testcase classname="com.bank.unit.UnitTests" name="passwordValidatorShouldAcceptLongPasswords" time="0.0"/>
  <testcase classname="com.bank.unit.UnitTests" name="passwordValidatorShouldRejectShortPasswords" time="0.015"/>
  <testcase classname="com.bank.unit.UnitTests" name="productNameValidationShouldWork" time="0.0"/>
  <testcase classname="com.bank.unit.UnitTests" name="roundingShouldRoundHalfUp" time="0.0"/>
  <testcase classname="com.bank.unit.UnitTests" name="shouldReturnCorrectSum" time="0.016"/>
  <testcase classname="UnitTests" name="amountParsingShouldWork" time="0.0"/>
  <testcase classname="UnitTests" name="capitalizeShouldUppercaseFirstLetter" time="0.0"/>
  <testcase classname="UnitTests" name="currencyFormattingShouldProduceTwoDecimals" time="0.015"/>
  <testcase classname="UnitTests" name="dateParsingShouldWork" time="0.0"/>
  <testcase classname="UnitTests" name="emailValidatorShouldAcceptValidEmail" time="0.0"/>
  <testcase classname="UnitTests" name="emailValidatorShouldRejectInvalidEmail" time="0.0"/>
  <testcase classname="UnitTests" name="passwordValidatorShouldAcceptLongPasswords" time="0.0"/>
  <testcase classname="UnitTests" name="passwordValidatorShouldRejectShortPasswords" time="0.0"/>
  <testcase classname="UnitTests" name="productNameValidationShouldWork" time="0.0"/>
  <testcase classname="UnitTests" name="roundingShouldRoundHalfUp" time="0.0"/>
  <testcase classname="UnitTests" name="shouldReturnCorrectSum" time="0.0"/>
</testsuite> <!-- Surefire test -->
